
2009-03-23T23:55:56+01:00 | N: Document 
	
	
	
	
	

2009-03-23T23:55:56+01:00 | F: Document 
	
	
	
	
	

2009-03-23T23:55:56+01:00 | N: name KmlFile
2009-03-23T23:55:56+01:00 | N: Style 
	
2009-03-23T23:55:56+01:00 | N: Style 
		
	
2009-03-23T23:55:56+01:00 | N: StyleMap 
		
		
	
2009-03-23T23:55:56+01:00 | N: Placemark 
		
		
		
		
		
	
2009-03-23T23:55:56+01:00 | P: Placemark 
		
		
		
		
		
	
2009-03-23T23:55:56+01:00 | $str: <style>Stadt</style>
<wLink>Andergast</wLink>
2009-03-23T23:55:56+01:00 | $startTag: 
2009-03-23T23:55:56+01:00 | $endTag: 
2009-03-23T23:55:56+01:00 | $str: <style>Stadt</style>
<wLink>Andergast</wLink>
2009-03-23T23:55:56+01:00 | $startTag: 
2009-03-23T23:55:56+01:00 | $endTag: 
2009-03-23T23:55:56+01:00 | $str: <style>Stadt</style>
<wLink>Andergast</wLink>
2009-03-23T23:55:56+01:00 | $startTag: 21
2009-03-23T23:55:56+01:00 | $endTag: 37
2009-03-23T23:55:56+01:00 | $str: <style>Stadt</style>
<wLink>Andergast</wLink>
2009-03-23T23:55:56+01:00 | $startTag: 21
2009-03-23T23:55:56+01:00 | $endTag: 37
2009-03-23T23:55:56+01:00 | wLink: Andergast
2009-03-23T23:59:29+01:00 | F: Document 
	
	
	
	
	

2009-03-23T23:59:29+01:00 | P: Placemark 
		
		
		
		
		
	
2009-03-23T23:59:29+01:00 | $str: <style>Stadt</style>
<wLink>Andergast</wLink>
2009-03-23T23:59:29+01:00 | $startTag: <$objektklasse> 
2009-03-23T23:59:29+01:00 | $endTag: </$objektklasse> 
2009-03-23T23:59:29+01:00 | $str: <style>Stadt</style>
<wLink>Andergast</wLink>
2009-03-23T23:59:29+01:00 | $startTag: <type> 
2009-03-23T23:59:29+01:00 | $endTag: </type> 
2009-03-23T23:59:29+01:00 | $str: <style>Stadt</style>
<wLink>Andergast</wLink>
2009-03-23T23:59:29+01:00 | $startTag: <wLink> 21
2009-03-23T23:59:29+01:00 | $endTag: </wLink> 37
2009-03-23T23:59:29+01:00 | $str: <style>Stadt</style>
<wLink>Andergast</wLink>
2009-03-23T23:59:29+01:00 | $startTag: <wLink> 21
2009-03-23T23:59:29+01:00 | $endTag: </wLink> 37
2009-03-23T23:59:29+01:00 | wLink: Andergast
2009-03-24T00:02:32+01:00 | F: Document 
	
	
	
	
	

2009-03-24T00:02:32+01:00 | P: Placemark 
		
		
		
		
		
	
2009-03-24T00:02:32+01:00 | $str: <style>Stadt</style>
<wLink>Andergast</wLink>
2009-03-24T00:02:33+01:00 | $startTag: <$objektklasse> 
2009-03-24T00:02:33+01:00 | $endTag: </$objektklasse> 
2009-03-24T00:02:33+01:00 | $str: <style>Stadt</style>
<wLink>Andergast</wLink>
2009-03-24T00:02:33+01:00 | $startTag: <type> 
2009-03-24T00:02:33+01:00 | $endTag: </type> 
2009-03-24T00:02:33+01:00 | style: >Stadt</style>
<wLink>Andergast</
2009-03-24T00:02:33+01:00 | $str: <style>Stadt</style>
<wLink>Andergast</wLink>
2009-03-24T00:02:33+01:00 | $startTag: <wLink> 21
2009-03-24T00:02:33+01:00 | $endTag: </wLink> 37
2009-03-24T00:02:33+01:00 | $str: <style>Stadt</style>
<wLink>Andergast</wLink>
2009-03-24T00:02:33+01:00 | $startTag: <wLink> 21
2009-03-24T00:02:33+01:00 | $endTag: </wLink> 37
2009-03-24T00:02:33+01:00 | wLink: Andergast
2009-03-24T00:05:34+01:00 | F: Document 
	
	
	
	
	

2009-03-24T00:05:34+01:00 | P: Placemark 
		
		
		
		
		
	
2009-03-24T00:05:34+01:00 | $str: <style>Stadt</style>
<wLink>Andergast</wLink>
2009-03-24T00:05:34+01:00 | $startTag: <$objektklasse> 
2009-03-24T00:05:34+01:00 | $endTag: </$objektklasse> 
2009-03-24T00:05:34+01:00 | String enthält kein <$objektklasse></$objektklasse>
2009-03-24T00:05:34+01:00 | $str: <style>Stadt</style>
<wLink>Andergast</wLink>
2009-03-24T00:05:34+01:00 | $startTag: <type> 
2009-03-24T00:05:34+01:00 | $endTag: </type> 
2009-03-24T00:05:34+01:00 | String enthält kein <type></type>
2009-03-24T00:05:34+01:00 | style: 
2009-03-24T00:05:34+01:00 | $str: <style>Stadt</style>
<wLink>Andergast</wLink>
2009-03-24T00:05:34+01:00 | $startTag: <wLink> 21
2009-03-24T00:05:34+01:00 | $endTag: </wLink> 37
2009-03-24T00:05:34+01:00 | String enthält kein <wLink></wLink>
2009-03-24T00:07:55+01:00 | F: Document 
	
	
	
	
	

2009-03-24T00:07:55+01:00 | P: Placemark 
		
		
		
		
		
	
2009-03-24T00:07:55+01:00 | $str: <style>Stadt</style>
<wLink>Andergast</wLink>
2009-03-24T00:07:55+01:00 | $startTag: <$objektklasse> 
2009-03-24T00:07:55+01:00 | $endTag: </$objektklasse> 
2009-03-24T00:07:55+01:00 | String enthält kein <$objektklasse></$objektklasse>
2009-03-24T00:07:55+01:00 | $str: <style>Stadt</style>
<wLink>Andergast</wLink>
2009-03-24T00:07:55+01:00 | $startTag: <type> 
2009-03-24T00:07:55+01:00 | $endTag: </type> 
2009-03-24T00:07:55+01:00 | String enthält kein <type></type>
2009-03-24T00:07:55+01:00 | style: 
2009-03-24T00:07:55+01:00 | $str: <style>Stadt</style>
<wLink>Andergast</wLink>
2009-03-24T00:07:55+01:00 | $startTag: <wLink> 21
2009-03-24T00:07:55+01:00 | $endTag: </wLink> 37
2009-03-24T00:07:55+01:00 | $str: <style>Stadt</style>
<wLink>Andergast</wLink>
2009-03-24T00:07:55+01:00 | $startTag: <wLink> 21
2009-03-24T00:07:55+01:00 | $endTag: </wLink> 37
2009-03-24T00:07:55+01:00 | wLink: Andergast
2009-03-24T00:13:52+01:00 | F: Document 
	
	
	
	
	
	
	
	
	
	
	
	
	
	
	
	
	
	
	
	
	
	
	

2009-03-24T00:13:52+01:00 | F: Folder 
		
		
		
		
		
		
		
	
2009-03-24T00:13:52+01:00 | F: Folder 
			
			
			
			
			
			
			
			
		
2009-03-24T00:13:52+01:00 | P: Placemark 
				
				
				
				
				
				
				
			
2009-03-24T00:13:52+01:00 | $str: <p><wlink>Die_Ungeschlagenen</wlink></p>
2009-03-24T00:13:52+01:00 | $startTag: <$objektklasse> 
2009-03-24T00:13:52+01:00 | $endTag: </$objektklasse> 
2009-03-24T00:13:52+01:00 | String enthält kein <$objektklasse></$objektklasse>
2009-03-24T00:13:52+01:00 | $str: <p><wlink>Die_Ungeschlagenen</wlink></p>
2009-03-24T00:13:52+01:00 | $startTag: <type> 
2009-03-24T00:13:52+01:00 | $endTag: </type> 
2009-03-24T00:13:52+01:00 | String enthält kein <type></type>
2009-03-24T00:13:52+01:00 | style: 
2009-03-24T00:13:52+01:00 | $str: <p><wlink>Die_Ungeschlagenen</wlink></p>
2009-03-24T00:13:52+01:00 | $startTag: <wLink> 
2009-03-24T00:13:52+01:00 | $endTag: </wLink> 
2009-03-24T00:13:52+01:00 | String enthält kein <wLink></wLink>
2009-03-24T00:13:52+01:00 | P: Placemark 
				
				
				
				
				
				
				
			
2009-03-24T00:13:52+01:00 | $str: <wlink>Auf_dem_Weg_ohne_Gnade</wlink><br />
2009-03-24T00:13:52+01:00 | $startTag: <$objektklasse> 
2009-03-24T00:13:52+01:00 | $endTag: </$objektklasse> 
2009-03-24T00:13:52+01:00 | String enthält kein <$objektklasse></$objektklasse>
2009-03-24T00:13:52+01:00 | $str: <wlink>Auf_dem_Weg_ohne_Gnade</wlink><br />
2009-03-24T00:13:52+01:00 | $startTag: <type> 
2009-03-24T00:13:52+01:00 | $endTag: </type> 
2009-03-24T00:13:52+01:00 | String enthält kein <type></type>
2009-03-24T00:13:52+01:00 | style: 
2009-03-24T00:13:52+01:00 | $str: <wlink>Auf_dem_Weg_ohne_Gnade</wlink><br />
2009-03-24T00:13:52+01:00 | $startTag: <wLink> 
2009-03-24T00:13:52+01:00 | $endTag: </wLink> 
2009-03-24T00:13:52+01:00 | String enthält kein <wLink></wLink>
2009-03-24T00:13:52+01:00 | P: Placemark 
				
				
				
				
				
				
				
			
2009-03-24T00:13:52+01:00 | $str: <wlink>Wie_Wasser_im_Sand</wlink><br />
2009-03-24T00:13:52+01:00 | $startTag: <$objektklasse> 
2009-03-24T00:13:52+01:00 | $endTag: </$objektklasse> 
2009-03-24T00:13:52+01:00 | String enthält kein <$objektklasse></$objektklasse>
2009-03-24T00:13:52+01:00 | $str: <wlink>Wie_Wasser_im_Sand</wlink><br />
2009-03-24T00:13:52+01:00 | $startTag: <type> 
2009-03-24T00:13:52+01:00 | $endTag: </type> 
2009-03-24T00:13:52+01:00 | String enthält kein <type></type>
2009-03-24T00:13:52+01:00 | style: 
2009-03-24T00:13:52+01:00 | $str: <wlink>Wie_Wasser_im_Sand</wlink><br />
2009-03-24T00:13:52+01:00 | $startTag: <wLink> 
2009-03-24T00:13:52+01:00 | $endTag: </wLink> 
2009-03-24T00:13:52+01:00 | String enthält kein <wLink></wLink>
2009-03-24T00:13:52+01:00 | F: Folder 
			
			
			
			
			
			
		
2009-03-24T00:13:52+01:00 | P: Placemark 
				
				
				
				
				
				
				
			
2009-03-24T00:13:52+01:00 | $str: <wlink>Ein_treuer_Diener_des_Kalifen</wlink><br />
2009-03-24T00:13:52+01:00 | $startTag: <$objektklasse> 
2009-03-24T00:13:52+01:00 | $endTag: </$objektklasse> 
2009-03-24T00:13:52+01:00 | String enthält kein <$objektklasse></$objektklasse>
2009-03-24T00:13:52+01:00 | $str: <wlink>Ein_treuer_Diener_des_Kalifen</wlink><br />
2009-03-24T00:13:52+01:00 | $startTag: <type> 
2009-03-24T00:13:52+01:00 | $endTag: </type> 
2009-03-24T00:13:52+01:00 | String enthält kein <type></type>
2009-03-24T00:13:52+01:00 | style: 
2009-03-24T00:13:52+01:00 | $str: <wlink>Ein_treuer_Diener_des_Kalifen</wlink><br />
2009-03-24T00:13:52+01:00 | $startTag: <wLink> 
2009-03-24T00:13:52+01:00 | $endTag: </wLink> 
2009-03-24T00:13:52+01:00 | String enthält kein <wLink></wLink>
2009-03-24T00:13:52+01:00 | F: Folder 
			
			
			
			
			
			
			
			
			
			
			
			
			
			
			
			
			
			
			
			
			
			
			
			
			
			
			
			
			
			
			
			
			
			
			
			
		
2009-03-24T00:13:52+01:00 | P: Placemark 
				
				
				
				
				
				
				
			
2009-03-24T00:13:52+01:00 | $str: <wlink>Durch_das_Tor_der_Welten</wlink><br />
2009-03-24T00:13:52+01:00 | $startTag: <$objektklasse> 
2009-03-24T00:13:52+01:00 | $endTag: </$objektklasse> 
2009-03-24T00:13:52+01:00 | String enthält kein <$objektklasse></$objektklasse>
2009-03-24T00:13:52+01:00 | $str: <wlink>Durch_das_Tor_der_Welten</wlink><br />
2009-03-24T00:13:52+01:00 | $startTag: <type> 
2009-03-24T00:13:52+01:00 | $endTag: </type> 
2009-03-24T00:13:52+01:00 | String enthält kein <type></type>
2009-03-24T00:13:52+01:00 | style: 
2009-03-24T00:13:52+01:00 | $str: <wlink>Durch_das_Tor_der_Welten</wlink><br />
2009-03-24T00:13:52+01:00 | $startTag: <wLink> 
2009-03-24T00:13:52+01:00 | $endTag: </wLink> 
2009-03-24T00:13:52+01:00 | String enthält kein <wLink></wLink>
2009-03-24T00:13:52+01:00 | P: Placemark 
				
				
				
				
				
				
				
			
2009-03-24T00:13:52+01:00 | $str: <wlink>Der_Streuner_soll_sterben</wlink><br />
2009-03-24T00:13:52+01:00 | $startTag: <$objektklasse> 
2009-03-24T00:13:52+01:00 | $endTag: </$objektklasse> 
2009-03-24T00:13:52+01:00 | String enthält kein <$objektklasse></$objektklasse>
2009-03-24T00:13:52+01:00 | $str: <wlink>Der_Streuner_soll_sterben</wlink><br />
2009-03-24T00:13:52+01:00 | $startTag: <type> 
2009-03-24T00:13:52+01:00 | $endTag: </type> 
2009-03-24T00:13:52+01:00 | String enthält kein <type></type>
2009-03-24T00:13:52+01:00 | style: 
2009-03-24T00:13:52+01:00 | $str: <wlink>Der_Streuner_soll_sterben</wlink><br />
2009-03-24T00:13:52+01:00 | $startTag: <wLink> 
2009-03-24T00:13:52+01:00 | $endTag: </wLink> 
2009-03-24T00:13:52+01:00 | String enthält kein <wLink></wLink>
2009-03-24T00:13:52+01:00 | P: Placemark 
				
				
				
				
				
				
				
			
2009-03-24T00:13:52+01:00 | $str: <wlink>Wie_Sand_in_Rastullahs_Hand</wlink><br />
2009-03-24T00:13:52+01:00 | $startTag: <$objektklasse> 
2009-03-24T00:13:52+01:00 | $endTag: </$objektklasse> 
2009-03-24T00:13:52+01:00 | String enthält kein <$objektklasse></$objektklasse>
2009-03-24T00:13:52+01:00 | $str: <wlink>Wie_Sand_in_Rastullahs_Hand</wlink><br />
2009-03-24T00:13:52+01:00 | $startTag: <type> 
2009-03-24T00:13:52+01:00 | $endTag: </type> 
2009-03-24T00:13:52+01:00 | String enthält kein <type></type>
2009-03-24T00:13:52+01:00 | style: 
2009-03-24T00:13:52+01:00 | $str: <wlink>Wie_Sand_in_Rastullahs_Hand</wlink><br />
2009-03-24T00:13:52+01:00 | $startTag: <wLink> 
2009-03-24T00:13:52+01:00 | $endTag: </wLink> 
2009-03-24T00:13:52+01:00 | String enthält kein <wLink></wLink>
2009-03-24T00:13:52+01:00 | P: Placemark 
				
				
				
				
				
				
				
			
2009-03-24T00:13:52+01:00 | $str: <wlink>Wie_der_Wind_der_W&uuml;ste,_Neuauflage</wlink><br />
2009-03-24T00:13:52+01:00 | $startTag: <$objektklasse> 
2009-03-24T00:13:52+01:00 | $endTag: </$objektklasse> 
2009-03-24T00:13:52+01:00 | String enthält kein <$objektklasse></$objektklasse>
2009-03-24T00:13:52+01:00 | $str: <wlink>Wie_der_Wind_der_W&uuml;ste,_Neuauflage</wlink><br />
2009-03-24T00:13:52+01:00 | $startTag: <type> 
2009-03-24T00:13:52+01:00 | $endTag: </type> 
2009-03-24T00:13:52+01:00 | String enthält kein <type></type>
2009-03-24T00:13:52+01:00 | style: 
2009-03-24T00:13:52+01:00 | $str: <wlink>Wie_der_Wind_der_W&uuml;ste,_Neuauflage</wlink><br />
2009-03-24T00:13:52+01:00 | $startTag: <wLink> 
2009-03-24T00:13:52+01:00 | $endTag: </wLink> 
2009-03-24T00:13:52+01:00 | String enthält kein <wLink></wLink>
2009-03-24T00:13:52+01:00 | P: Placemark 
				
				
				
				
				
				
				
			
2009-03-24T00:13:52+01:00 | $str: <wlink>Staub_und_Sterne</wlink><br />
2009-03-24T00:13:52+01:00 | $startTag: <$objektklasse> 
2009-03-24T00:13:53+01:00 | $endTag: </$objektklasse> 
2009-03-24T00:13:53+01:00 | String enthält kein <$objektklasse></$objektklasse>
2009-03-24T00:13:53+01:00 | $str: <wlink>Staub_und_Sterne</wlink><br />
2009-03-24T00:13:53+01:00 | $startTag: <type> 
2009-03-24T00:13:53+01:00 | $endTag: </type> 
2009-03-24T00:13:53+01:00 | String enthält kein <type></type>
2009-03-24T00:13:53+01:00 | style: 
2009-03-24T00:13:53+01:00 | $str: <wlink>Staub_und_Sterne</wlink><br />
2009-03-24T00:13:53+01:00 | $startTag: <wLink> 
2009-03-24T00:13:53+01:00 | $endTag: </wLink> 
2009-03-24T00:13:53+01:00 | String enthält kein <wLink></wLink>
2009-03-24T00:13:53+01:00 | P: Placemark 
				
				
				
				
				
				
				
			
2009-03-24T00:13:53+01:00 | $str: <wlink>Der_L&ouml;we_und_der_Rabe_I</wlink><br />
2009-03-24T00:13:53+01:00 | $startTag: <$objektklasse> 
2009-03-24T00:13:53+01:00 | $endTag: </$objektklasse> 
2009-03-24T00:13:53+01:00 | String enthält kein <$objektklasse></$objektklasse>
2009-03-24T00:13:53+01:00 | $str: <wlink>Der_L&ouml;we_und_der_Rabe_I</wlink><br />
2009-03-24T00:13:53+01:00 | $startTag: <type> 
2009-03-24T00:13:53+01:00 | $endTag: </type> 
2009-03-24T00:13:53+01:00 | String enthält kein <type></type>
2009-03-24T00:13:53+01:00 | style: 
2009-03-24T00:13:53+01:00 | $str: <wlink>Der_L&ouml;we_und_der_Rabe_I</wlink><br />
2009-03-24T00:13:53+01:00 | $startTag: <wLink> 
2009-03-24T00:13:53+01:00 | $endTag: </wLink> 
2009-03-24T00:13:53+01:00 | String enthält kein <wLink></wLink>
2009-03-24T00:13:53+01:00 | P: Placemark 
				
				
				
				
				
				
				
			
2009-03-24T00:13:53+01:00 | $str: <wlink>Der_L&ouml;we_und_der_Rabe_II</wlink><br />
2009-03-24T00:13:53+01:00 | $startTag: <$objektklasse> 
2009-03-24T00:13:53+01:00 | $endTag: </$objektklasse> 
2009-03-24T00:13:53+01:00 | String enthält kein <$objektklasse></$objektklasse>
2009-03-24T00:13:53+01:00 | $str: <wlink>Der_L&ouml;we_und_der_Rabe_II</wlink><br />
2009-03-24T00:13:53+01:00 | $startTag: <type> 
2009-03-24T00:13:53+01:00 | $endTag: </type> 
2009-03-24T00:13:53+01:00 | String enthält kein <type></type>
2009-03-24T00:13:53+01:00 | style: 
2009-03-24T00:13:53+01:00 | $str: <wlink>Der_L&ouml;we_und_der_Rabe_II</wlink><br />
2009-03-24T00:13:53+01:00 | $startTag: <wLink> 
2009-03-24T00:13:53+01:00 | $endTag: </wLink> 
2009-03-24T00:13:53+01:00 | String enthält kein <wLink></wLink>
2009-03-24T00:13:53+01:00 | P: Placemark 
				
				
				
				
				
				
				
			
2009-03-24T00:13:53+01:00 | $str: <wlink>Wenn_der_Zirkus_kommt</wlink><br />
2009-03-24T00:13:53+01:00 | $startTag: <$objektklasse> 
2009-03-24T00:13:53+01:00 | $endTag: </$objektklasse> 
2009-03-24T00:13:53+01:00 | String enthält kein <$objektklasse></$objektklasse>
2009-03-24T00:13:53+01:00 | $str: <wlink>Wenn_der_Zirkus_kommt</wlink><br />
2009-03-24T00:13:53+01:00 | $startTag: <type> 
2009-03-24T00:13:53+01:00 | $endTag: </type> 
2009-03-24T00:13:53+01:00 | String enthält kein <type></type>
2009-03-24T00:13:53+01:00 | style: 
2009-03-24T00:13:53+01:00 | $str: <wlink>Wenn_der_Zirkus_kommt</wlink><br />
2009-03-24T00:13:53+01:00 | $startTag: <wLink> 
2009-03-24T00:13:53+01:00 | $endTag: </wLink> 
2009-03-24T00:13:53+01:00 | String enthält kein <wLink></wLink>
2009-03-24T00:13:53+01:00 | P: Placemark 
				
				
				
				
				
				
				
			
2009-03-24T00:13:53+01:00 | $str: <wlink>Pforte_des_Grauens,_SG2</wlink><br />
2009-03-24T00:13:53+01:00 | $startTag: <$objektklasse> 
2009-03-24T00:13:53+01:00 | $endTag: </$objektklasse> 
2009-03-24T00:13:53+01:00 | String enthält kein <$objektklasse></$objektklasse>
2009-03-24T00:13:53+01:00 | $str: <wlink>Pforte_des_Grauens,_SG2</wlink><br />
2009-03-24T00:13:53+01:00 | $startTag: <type> 
2009-03-24T00:13:53+01:00 | $endTag: </type> 
2009-03-24T00:13:53+01:00 | String enthält kein <type></type>
2009-03-24T00:13:53+01:00 | style: 
2009-03-24T00:13:53+01:00 | $str: <wlink>Pforte_des_Grauens,_SG2</wlink><br />
2009-03-24T00:13:53+01:00 | $startTag: <wLink> 
2009-03-24T00:13:53+01:00 | $endTag: </wLink> 
2009-03-24T00:13:53+01:00 | String enthält kein <wLink></wLink>
2009-03-24T00:13:53+01:00 | P: Placemark 
				
				
				
				
				
				
				
			
2009-03-24T00:13:53+01:00 | $str: <wlink>Bishdariels_Fluch</wlink><br />
2009-03-24T00:13:53+01:00 | $startTag: <$objektklasse> 
2009-03-24T00:13:53+01:00 | $endTag: </$objektklasse> 
2009-03-24T00:13:53+01:00 | String enthält kein <$objektklasse></$objektklasse>
2009-03-24T00:13:53+01:00 | $str: <wlink>Bishdariels_Fluch</wlink><br />
2009-03-24T00:13:53+01:00 | $startTag: <type> 
2009-03-24T00:13:53+01:00 | $endTag: </type> 
2009-03-24T00:13:53+01:00 | String enthält kein <type></type>
2009-03-24T00:13:53+01:00 | style: 
2009-03-24T00:13:53+01:00 | $str: <wlink>Bishdariels_Fluch</wlink><br />
2009-03-24T00:13:53+01:00 | $startTag: <wLink> 
2009-03-24T00:13:53+01:00 | $endTag: </wLink> 
2009-03-24T00:13:53+01:00 | String enthält kein <wLink></wLink>
2009-03-24T00:13:53+01:00 | P: Placemark 
				
				
				
				
				
				
				
			
2009-03-24T00:13:53+01:00 | $str: <wlink>Bastrabuns_Bann,_SG2</wlink><br />
2009-03-24T00:13:53+01:00 | $startTag: <$objektklasse> 
2009-03-24T00:13:53+01:00 | $endTag: </$objektklasse> 
2009-03-24T00:13:53+01:00 | String enthält kein <$objektklasse></$objektklasse>
2009-03-24T00:13:53+01:00 | $str: <wlink>Bastrabuns_Bann,_SG2</wlink><br />
2009-03-24T00:13:53+01:00 | $startTag: <type> 
2009-03-24T00:13:53+01:00 | $endTag: </type> 
2009-03-24T00:13:53+01:00 | String enthält kein <type></type>
2009-03-24T00:13:53+01:00 | style: 
2009-03-24T00:13:53+01:00 | $str: <wlink>Bastrabuns_Bann,_SG2</wlink><br />
2009-03-24T00:13:53+01:00 | $startTag: <wLink> 
2009-03-24T00:13:53+01:00 | $endTag: </wLink> 
2009-03-24T00:13:53+01:00 | String enthält kein <wLink></wLink>
2009-03-24T00:13:53+01:00 | P: Placemark 
				
				
				
				
				
				
				
			
2009-03-24T00:13:53+01:00 | $str: <wlink>Die_letzte_Bastion</wlink><br />
2009-03-24T00:13:53+01:00 | $startTag: <$objektklasse> 
2009-03-24T00:13:53+01:00 | $endTag: </$objektklasse> 
2009-03-24T00:13:53+01:00 | String enthält kein <$objektklasse></$objektklasse>
2009-03-24T00:13:53+01:00 | $str: <wlink>Die_letzte_Bastion</wlink><br />
2009-03-24T00:13:53+01:00 | $startTag: <type> 
2009-03-24T00:13:53+01:00 | $endTag: </type> 
2009-03-24T00:13:53+01:00 | String enthält kein <type></type>
2009-03-24T00:13:53+01:00 | style: 
2009-03-24T00:13:53+01:00 | $str: <wlink>Die_letzte_Bastion</wlink><br />
2009-03-24T00:13:53+01:00 | $startTag: <wLink> 
2009-03-24T00:13:53+01:00 | $endTag: </wLink> 
2009-03-24T00:13:53+01:00 | String enthält kein <wLink></wLink>
2009-03-24T00:13:53+01:00 | P: Placemark 
				
				
				
				
				
				
				
			
2009-03-24T00:13:53+01:00 | $str: <wlink>Berge_aus_Gold</wlink><br />
2009-03-24T00:13:53+01:00 | $startTag: <$objektklasse> 
2009-03-24T00:13:53+01:00 | $endTag: </$objektklasse> 
2009-03-24T00:13:53+01:00 | String enthält kein <$objektklasse></$objektklasse>
2009-03-24T00:13:53+01:00 | $str: <wlink>Berge_aus_Gold</wlink><br />
2009-03-24T00:13:53+01:00 | $startTag: <type> 
2009-03-24T00:13:53+01:00 | $endTag: </type> 
2009-03-24T00:13:53+01:00 | String enthält kein <type></type>
2009-03-24T00:13:53+01:00 | style: 
2009-03-24T00:13:53+01:00 | $str: <wlink>Berge_aus_Gold</wlink><br />
2009-03-24T00:13:53+01:00 | $startTag: <wLink> 
2009-03-24T00:13:53+01:00 | $endTag: </wLink> 
2009-03-24T00:13:53+01:00 | String enthält kein <wLink></wLink>
2009-03-24T00:13:53+01:00 | P: Placemark 
				
				
				
				
				
				
				
			
2009-03-24T00:13:53+01:00 | $str: <wlink>Pfade_des_as'Salis,_des_All-Einen:_Rastullahs_Rache</wlink><br />
2009-03-24T00:13:53+01:00 | $startTag: <$objektklasse> 
2009-03-24T00:13:53+01:00 | $endTag: </$objektklasse> 
2009-03-24T00:13:53+01:00 | String enthält kein <$objektklasse></$objektklasse>
2009-03-24T00:13:53+01:00 | $str: <wlink>Pfade_des_as'Salis,_des_All-Einen:_Rastullahs_Rache</wlink><br />
2009-03-24T00:13:53+01:00 | $startTag: <type> 
2009-03-24T00:13:53+01:00 | $endTag: </type> 
2009-03-24T00:13:53+01:00 | String enthält kein <type></type>
2009-03-24T00:13:53+01:00 | style: 
2009-03-24T00:13:53+01:00 | $str: <wlink>Pfade_des_as'Salis,_des_All-Einen:_Rastullahs_Rache</wlink><br />
2009-03-24T00:13:53+01:00 | $startTag: <wLink> 
2009-03-24T00:13:53+01:00 | $endTag: </wLink> 
2009-03-24T00:13:53+01:00 | String enthält kein <wLink></wLink>
2009-03-24T00:13:53+01:00 | P: Placemark 
				
				
				
				
				
				
				
			
2009-03-24T00:13:53+01:00 | $str: <wlink>Nach_Rastullahs_Willen</wlink><br />
2009-03-24T00:13:53+01:00 | $startTag: <$objektklasse> 
2009-03-24T00:13:53+01:00 | $endTag: </$objektklasse> 
2009-03-24T00:13:53+01:00 | String enthält kein <$objektklasse></$objektklasse>
2009-03-24T00:13:53+01:00 | $str: <wlink>Nach_Rastullahs_Willen</wlink><br />
2009-03-24T00:13:53+01:00 | $startTag: <type> 
2009-03-24T00:13:53+01:00 | $endTag: </type> 
2009-03-24T00:13:53+01:00 | String enthält kein <type></type>
2009-03-24T00:13:53+01:00 | style: 
2009-03-24T00:13:53+01:00 | $str: <wlink>Nach_Rastullahs_Willen</wlink><br />
2009-03-24T00:13:53+01:00 | $startTag: <wLink> 
2009-03-24T00:13:53+01:00 | $endTag: </wLink> 
2009-03-24T00:13:53+01:00 | String enthält kein <wLink></wLink>
2009-03-24T00:13:53+01:00 | P: Placemark 
				
				
				
				
				
				
				
			
2009-03-24T00:13:53+01:00 | $str: <wlink>Imuhar</wlink><br />
2009-03-24T00:13:53+01:00 | $startTag: <$objektklasse> 
2009-03-24T00:13:53+01:00 | $endTag: </$objektklasse> 
2009-03-24T00:13:53+01:00 | String enthält kein <$objektklasse></$objektklasse>
2009-03-24T00:13:53+01:00 | $str: <wlink>Imuhar</wlink><br />
2009-03-24T00:13:53+01:00 | $startTag: <type> 
2009-03-24T00:13:53+01:00 | $endTag: </type> 
2009-03-24T00:13:53+01:00 | String enthält kein <type></type>
2009-03-24T00:13:53+01:00 | style: 
2009-03-24T00:13:53+01:00 | $str: <wlink>Imuhar</wlink><br />
2009-03-24T00:13:53+01:00 | $startTag: <wLink> 
2009-03-24T00:13:53+01:00 | $endTag: </wLink> 
2009-03-24T00:13:53+01:00 | String enthält kein <wLink></wLink>
2009-03-24T00:13:53+01:00 | P: Placemark 
				
				
				
				
				
				
				
			
2009-03-24T00:13:53+01:00 | $str: <wlink>In_den_Schluchten_des_Raschtulswalls</wlink><br />
2009-03-24T00:13:53+01:00 | $startTag: <$objektklasse> 
2009-03-24T00:13:53+01:00 | $endTag: </$objektklasse> 
2009-03-24T00:13:53+01:00 | String enthält kein <$objektklasse></$objektklasse>
2009-03-24T00:13:53+01:00 | $str: <wlink>In_den_Schluchten_des_Raschtulswalls</wlink><br />
2009-03-24T00:13:53+01:00 | $startTag: <type> 
2009-03-24T00:13:53+01:00 | $endTag: </type> 
2009-03-24T00:13:53+01:00 | String enthält kein <type></type>
2009-03-24T00:13:53+01:00 | style: 
2009-03-24T00:13:53+01:00 | $str: <wlink>In_den_Schluchten_des_Raschtulswalls</wlink><br />
2009-03-24T00:13:53+01:00 | $startTag: <wLink> 
2009-03-24T00:13:53+01:00 | $endTag: </wLink> 
2009-03-24T00:13:53+01:00 | String enthält kein <wLink></wLink>
2009-03-24T00:13:53+01:00 | P: Placemark 
				
				
				
				
				
				
				
			
2009-03-24T00:13:53+01:00 | $str: <wlink>Im_Zeichen_des_L&ouml;wen</wlink><br />
2009-03-24T00:13:53+01:00 | $startTag: <$objektklasse> 
2009-03-24T00:13:53+01:00 | $endTag: </$objektklasse> 
2009-03-24T00:13:53+01:00 | String enthält kein <$objektklasse></$objektklasse>
2009-03-24T00:13:53+01:00 | $str: <wlink>Im_Zeichen_des_L&ouml;wen</wlink><br />
2009-03-24T00:13:53+01:00 | $startTag: <type> 
2009-03-24T00:13:53+01:00 | $endTag: </type> 
2009-03-24T00:13:53+01:00 | String enthält kein <type></type>
2009-03-24T00:13:53+01:00 | style: 
2009-03-24T00:13:53+01:00 | $str: <wlink>Im_Zeichen_des_L&ouml;wen</wlink><br />
2009-03-24T00:13:53+01:00 | $startTag: <wLink> 
2009-03-24T00:13:53+01:00 | $endTag: </wLink> 
2009-03-24T00:13:53+01:00 | String enthält kein <wLink></wLink>
2009-03-24T00:13:53+01:00 | P: Placemark 
				
				
				
				
				
				
				
			
2009-03-24T00:13:53+01:00 | $str: <wlink>Die_Wandelbare</wlink><br />
2009-03-24T00:13:53+01:00 | $startTag: <$objektklasse> 
2009-03-24T00:13:53+01:00 | $endTag: </$objektklasse> 
2009-03-24T00:13:53+01:00 | String enthält kein <$objektklasse></$objektklasse>
2009-03-24T00:13:53+01:00 | $str: <wlink>Die_Wandelbare</wlink><br />
2009-03-24T00:13:53+01:00 | $startTag: <type> 
2009-03-24T00:13:53+01:00 | $endTag: </type> 
2009-03-24T00:13:53+01:00 | String enthält kein <type></type>
2009-03-24T00:13:53+01:00 | style: 
2009-03-24T00:13:53+01:00 | $str: <wlink>Die_Wandelbare</wlink><br />
2009-03-24T00:13:53+01:00 | $startTag: <wLink> 
2009-03-24T00:13:53+01:00 | $endTag: </wLink> 
2009-03-24T00:13:53+01:00 | String enthält kein <wLink></wLink>
2009-03-24T00:13:53+01:00 | P: Placemark 
				
				
				
				
				
				
				
			
2009-03-24T00:13:53+01:00 | $str: <wlink>Der_Schwur_des_letzten_Sultans</wlink><br />
2009-03-24T00:13:53+01:00 | $startTag: <$objektklasse> 
2009-03-24T00:13:53+01:00 | $endTag: </$objektklasse> 
2009-03-24T00:13:53+01:00 | String enthält kein <$objektklasse></$objektklasse>
2009-03-24T00:13:53+01:00 | $str: <wlink>Der_Schwur_des_letzten_Sultans</wlink><br />
2009-03-24T00:13:53+01:00 | $startTag: <type> 
2009-03-24T00:13:53+01:00 | $endTag: </type> 
2009-03-24T00:13:53+01:00 | String enthält kein <type></type>
2009-03-24T00:13:53+01:00 | style: 
2009-03-24T00:13:54+01:00 | $str: <wlink>Der_Schwur_des_letzten_Sultans</wlink><br />
2009-03-24T00:13:54+01:00 | $startTag: <wLink> 
2009-03-24T00:13:54+01:00 | $endTag: </wLink> 
2009-03-24T00:13:54+01:00 | String enthält kein <wLink></wLink>
2009-03-24T00:13:54+01:00 | P: Placemark 
				
				
				
				
				
				
				
			
2009-03-24T00:13:54+01:00 | $str: <wlink>Das_Verm&auml;chtnis_des_Drachen</wlink><br />
2009-03-24T00:13:54+01:00 | $startTag: <$objektklasse> 
2009-03-24T00:13:54+01:00 | $endTag: </$objektklasse> 
2009-03-24T00:13:54+01:00 | String enthält kein <$objektklasse></$objektklasse>
2009-03-24T00:13:54+01:00 | $str: <wlink>Das_Verm&auml;chtnis_des_Drachen</wlink><br />
2009-03-24T00:13:54+01:00 | $startTag: <type> 
2009-03-24T00:13:54+01:00 | $endTag: </type> 
2009-03-24T00:13:54+01:00 | String enthält kein <type></type>
2009-03-24T00:13:54+01:00 | style: 
2009-03-24T00:13:54+01:00 | $str: <wlink>Das_Verm&auml;chtnis_des_Drachen</wlink><br />
2009-03-24T00:13:54+01:00 | $startTag: <wLink> 
2009-03-24T00:13:54+01:00 | $endTag: </wLink> 
2009-03-24T00:13:54+01:00 | String enthält kein <wLink></wLink>
2009-03-24T00:13:54+01:00 | P: Placemark 
				
				
				
				
				
				
				
			
2009-03-24T00:13:54+01:00 | $str: <wlink>Die_letzte_Strophe</wlink><br />
2009-03-24T00:13:54+01:00 | $startTag: <$objektklasse> 
2009-03-24T00:13:54+01:00 | $endTag: </$objektklasse> 
2009-03-24T00:13:54+01:00 | String enthält kein <$objektklasse></$objektklasse>
2009-03-24T00:13:54+01:00 | $str: <wlink>Die_letzte_Strophe</wlink><br />
2009-03-24T00:13:54+01:00 | $startTag: <type> 
2009-03-24T00:13:54+01:00 | $endTag: </type> 
2009-03-24T00:13:54+01:00 | String enthält kein <type></type>
2009-03-24T00:13:54+01:00 | style: 
2009-03-24T00:13:54+01:00 | $str: <wlink>Die_letzte_Strophe</wlink><br />
2009-03-24T00:13:54+01:00 | $startTag: <wLink> 
2009-03-24T00:13:54+01:00 | $endTag: </wLink> 
2009-03-24T00:13:54+01:00 | String enthält kein <wLink></wLink>
2009-03-24T00:13:54+01:00 | P: Placemark 
				
				
				
				
				
				
				
			
2009-03-24T00:13:54+01:00 | $str: <wlink>Der_siebente_Schleier</wlink><br />
2009-03-24T00:13:54+01:00 | $startTag: <$objektklasse> 
2009-03-24T00:13:54+01:00 | $endTag: </$objektklasse> 
2009-03-24T00:13:54+01:00 | String enthält kein <$objektklasse></$objektklasse>
2009-03-24T00:13:54+01:00 | $str: <wlink>Der_siebente_Schleier</wlink><br />
2009-03-24T00:13:54+01:00 | $startTag: <type> 
2009-03-24T00:13:54+01:00 | $endTag: </type> 
2009-03-24T00:13:54+01:00 | String enthält kein <type></type>
2009-03-24T00:13:54+01:00 | style: 
2009-03-24T00:13:54+01:00 | $str: <wlink>Der_siebente_Schleier</wlink><br />
2009-03-24T00:13:54+01:00 | $startTag: <wLink> 
2009-03-24T00:13:54+01:00 | $endTag: </wLink> 
2009-03-24T00:13:54+01:00 | String enthält kein <wLink></wLink>
2009-03-24T00:13:54+01:00 | P: Placemark 
				
				
				
				
				
				
				
			
2009-03-24T00:13:54+01:00 | $str: <wlink>Piratenblut</wlink><br />
2009-03-24T00:13:54+01:00 | $startTag: <$objektklasse> 
2009-03-24T00:13:54+01:00 | $endTag: </$objektklasse> 
2009-03-24T00:13:54+01:00 | String enthält kein <$objektklasse></$objektklasse>
2009-03-24T00:13:54+01:00 | $str: <wlink>Piratenblut</wlink><br />
2009-03-24T00:13:54+01:00 | $startTag: <type> 
2009-03-24T00:13:54+01:00 | $endTag: </type> 
2009-03-24T00:13:54+01:00 | String enthält kein <type></type>
2009-03-24T00:13:54+01:00 | style: 
2009-03-24T00:13:54+01:00 | $str: <wlink>Piratenblut</wlink><br />
2009-03-24T00:13:54+01:00 | $startTag: <wLink> 
2009-03-24T00:13:54+01:00 | $endTag: </wLink> 
2009-03-24T00:13:54+01:00 | String enthält kein <wLink></wLink>
2009-03-24T00:13:54+01:00 | P: Placemark 
				
				
				
				
				
				
				
			
2009-03-24T00:13:54+01:00 | $str: <wlink>Die_Macht_des_Wassers</wlink><br />
2009-03-24T00:13:54+01:00 | $startTag: <$objektklasse> 
2009-03-24T00:13:54+01:00 | $endTag: </$objektklasse> 
2009-03-24T00:13:54+01:00 | String enthält kein <$objektklasse></$objektklasse>
2009-03-24T00:13:54+01:00 | $str: <wlink>Die_Macht_des_Wassers</wlink><br />
2009-03-24T00:13:54+01:00 | $startTag: <type> 
2009-03-24T00:13:54+01:00 | $endTag: </type> 
2009-03-24T00:13:54+01:00 | String enthält kein <type></type>
2009-03-24T00:13:54+01:00 | style: 
2009-03-24T00:13:54+01:00 | $str: <wlink>Die_Macht_des_Wassers</wlink><br />
2009-03-24T00:13:54+01:00 | $startTag: <wLink> 
2009-03-24T00:13:54+01:00 | $endTag: </wLink> 
2009-03-24T00:13:54+01:00 | String enthält kein <wLink></wLink>
2009-03-24T00:13:54+01:00 | P: Placemark 
				
				
				
				
				
				
				
			
2009-03-24T00:13:54+01:00 | $str: <wlink>Die_&Uuml;berlegenen</wlink><br />
2009-03-24T00:13:54+01:00 | $startTag: <$objektklasse> 
2009-03-24T00:13:54+01:00 | $endTag: </$objektklasse> 
2009-03-24T00:13:54+01:00 | String enthält kein <$objektklasse></$objektklasse>
2009-03-24T00:13:54+01:00 | $str: <wlink>Die_&Uuml;berlegenen</wlink><br />
2009-03-24T00:13:54+01:00 | $startTag: <type> 
2009-03-24T00:13:54+01:00 | $endTag: </type> 
2009-03-24T00:13:54+01:00 | String enthält kein <type></type>
2009-03-24T00:13:54+01:00 | style: 
2009-03-24T00:13:54+01:00 | $str: <wlink>Die_&Uuml;berlegenen</wlink><br />
2009-03-24T00:13:54+01:00 | $startTag: <wLink> 
2009-03-24T00:13:54+01:00 | $endTag: </wLink> 
2009-03-24T00:13:54+01:00 | String enthält kein <wLink></wLink>
2009-03-24T00:13:54+01:00 | P: Placemark 
				
				
				
				
				
				
				
			
2009-03-24T00:13:54+01:00 | $str: <wlink>Preiset_die_Sch&ouml;nheit</wlink><br />
2009-03-24T00:13:54+01:00 | $startTag: <$objektklasse> 
2009-03-24T00:13:54+01:00 | $endTag: </$objektklasse> 
2009-03-24T00:13:54+01:00 | String enthält kein <$objektklasse></$objektklasse>
2009-03-24T00:13:54+01:00 | $str: <wlink>Preiset_die_Sch&ouml;nheit</wlink><br />
2009-03-24T00:13:54+01:00 | $startTag: <type> 
2009-03-24T00:13:54+01:00 | $endTag: </type> 
2009-03-24T00:13:54+01:00 | String enthält kein <type></type>
2009-03-24T00:13:54+01:00 | style: 
2009-03-24T00:13:54+01:00 | $str: <wlink>Preiset_die_Sch&ouml;nheit</wlink><br />
2009-03-24T00:13:54+01:00 | $startTag: <wLink> 
2009-03-24T00:13:54+01:00 | $endTag: </wLink> 
2009-03-24T00:13:54+01:00 | String enthält kein <wLink></wLink>
2009-03-24T00:13:54+01:00 | P: Placemark 
				
				
				
				
				
				
				
			
2009-03-24T00:13:54+01:00 | $str: <wlink>Der_Uners&auml;ttliche</wlink><br />
2009-03-24T00:13:54+01:00 | $startTag: <$objektklasse> 
2009-03-24T00:13:54+01:00 | $endTag: </$objektklasse> 
2009-03-24T00:13:54+01:00 | String enthält kein <$objektklasse></$objektklasse>
2009-03-24T00:13:54+01:00 | $str: <wlink>Der_Uners&auml;ttliche</wlink><br />
2009-03-24T00:13:54+01:00 | $startTag: <type> 
2009-03-24T00:13:54+01:00 | $endTag: </type> 
2009-03-24T00:13:54+01:00 | String enthält kein <type></type>
2009-03-24T00:13:54+01:00 | style: 
2009-03-24T00:13:54+01:00 | $str: <wlink>Der_Uners&auml;ttliche</wlink><br />
2009-03-24T00:13:54+01:00 | $startTag: <wLink> 
2009-03-24T00:13:54+01:00 | $endTag: </wLink> 
2009-03-24T00:13:54+01:00 | String enthält kein <wLink></wLink>
2009-03-24T00:13:54+01:00 | P: Placemark 
				
				
				
				
				
				
				
			
2009-03-24T00:13:54+01:00 | $str: <wlink></wlink><br />
2009-03-24T00:13:54+01:00 | $startTag: <$objektklasse> 
2009-03-24T00:13:54+01:00 | $endTag: </$objektklasse> 
2009-03-24T00:13:54+01:00 | String enthält kein <$objektklasse></$objektklasse>
2009-03-24T00:13:54+01:00 | $str: <wlink></wlink><br />
2009-03-24T00:13:54+01:00 | $startTag: <type> 
2009-03-24T00:13:54+01:00 | $endTag: </type> 
2009-03-24T00:13:54+01:00 | String enthält kein <type></type>
2009-03-24T00:13:54+01:00 | style: 
2009-03-24T00:13:54+01:00 | $str: <wlink></wlink><br />
2009-03-24T00:13:54+01:00 | $startTag: <wLink> 
2009-03-24T00:13:54+01:00 | $endTag: </wLink> 
2009-03-24T00:13:54+01:00 | String enthält kein <wLink></wLink>
2009-03-24T00:13:54+01:00 | P: Placemark 
				
				
				
				
				
				
				
			
2009-03-24T00:13:54+01:00 | $str: <wlink>Perlwasser</wlink><br />
2009-03-24T00:13:54+01:00 | $startTag: <$objektklasse> 
2009-03-24T00:13:54+01:00 | $endTag: </$objektklasse> 
2009-03-24T00:13:54+01:00 | String enthält kein <$objektklasse></$objektklasse>
2009-03-24T00:13:54+01:00 | $str: <wlink>Perlwasser</wlink><br />
2009-03-24T00:13:54+01:00 | $startTag: <type> 
2009-03-24T00:13:54+01:00 | $endTag: </type> 
2009-03-24T00:13:54+01:00 | String enthält kein <type></type>
2009-03-24T00:13:54+01:00 | style: 
2009-03-24T00:13:54+01:00 | $str: <wlink>Perlwasser</wlink><br />
2009-03-24T00:13:54+01:00 | $startTag: <wLink> 
2009-03-24T00:13:54+01:00 | $endTag: </wLink> 
2009-03-24T00:13:54+01:00 | String enthält kein <wLink></wLink>
2009-03-24T00:13:54+01:00 | P: Placemark 
				
				
				
				
				
				
				
			
2009-03-24T00:13:54+01:00 | $str: <wlink>Die_Kanope_von_Yilbakis</wlink><br />
2009-03-24T00:13:54+01:00 | $startTag: <$objektklasse> 
2009-03-24T00:13:54+01:00 | $endTag: </$objektklasse> 
2009-03-24T00:13:54+01:00 | String enthält kein <$objektklasse></$objektklasse>
2009-03-24T00:13:54+01:00 | $str: <wlink>Die_Kanope_von_Yilbakis</wlink><br />
2009-03-24T00:13:54+01:00 | $startTag: <type> 
2009-03-24T00:13:54+01:00 | $endTag: </type> 
2009-03-24T00:13:54+01:00 | String enthält kein <type></type>
2009-03-24T00:13:54+01:00 | style: 
2009-03-24T00:13:54+01:00 | $str: <wlink>Die_Kanope_von_Yilbakis</wlink><br />
2009-03-24T00:13:54+01:00 | $startTag: <wLink> 
2009-03-24T00:13:54+01:00 | $endTag: </wLink> 
2009-03-24T00:13:54+01:00 | String enthält kein <wLink></wLink>
2009-03-24T00:16:54+01:00 | F: Document 
	
	
	
	
	
	
	
	
	
	
	
	
	
	
	
	
	
	
	
	
	
	
	

2009-03-24T00:16:54+01:00 | F: Folder 
		
		
		
		
		
		
		
	
2009-03-24T00:16:54+01:00 | F: Folder 
			
			
			
			
			
			
			
			
		
2009-03-24T00:16:54+01:00 | P: Placemark 
				
				
				
				
				
				
				
			
2009-03-24T00:16:54+01:00 | $str: <p><wlink>Die_Ungeschlagenen</wlink></p>
2009-03-24T00:16:54+01:00 | $startTag: <$objektklasse> 
2009-03-24T00:16:54+01:00 | $endTag: </$objektklasse> 
2009-03-24T00:16:54+01:00 | String enthält kein <$objektklasse></$objektklasse>
2009-03-24T00:16:54+01:00 | $str: <p><wlink>Die_Ungeschlagenen</wlink></p>
2009-03-24T00:16:54+01:00 | $startTag: <type> 
2009-03-24T00:16:54+01:00 | $endTag: </type> 
2009-03-24T00:16:54+01:00 | String enthält kein <type></type>
2009-03-24T00:16:54+01:00 | style: 
2009-03-24T00:16:54+01:00 | $str: <p><wlink>Die_Ungeschlagenen</wlink></p>
2009-03-24T00:16:54+01:00 | $startTag: <wlink> 3
2009-03-24T00:16:54+01:00 | $endTag: </wlink> 28
2009-03-24T00:16:54+01:00 | wLink: Die_Ungeschlagenen
2009-03-24T00:17:54+01:00 | P: Placemark 
				
				
				
				
				
				
				
			
2009-03-24T00:17:54+01:00 | $str: <wlink>Auf_dem_Weg_ohne_Gnade</wlink><br />
2009-03-24T00:17:54+01:00 | $startTag: <$objektklasse> 
2009-03-24T00:17:54+01:00 | $endTag: </$objektklasse> 
2009-03-24T00:17:54+01:00 | String enthält kein <$objektklasse></$objektklasse>
2009-03-24T00:17:54+01:00 | $str: <wlink>Auf_dem_Weg_ohne_Gnade</wlink><br />
2009-03-24T00:17:54+01:00 | $startTag: <type> 
2009-03-24T00:17:54+01:00 | $endTag: </type> 
2009-03-24T00:17:54+01:00 | String enthält kein <type></type>
2009-03-24T00:17:54+01:00 | style: 
2009-03-24T00:17:54+01:00 | $str: <wlink>Auf_dem_Weg_ohne_Gnade</wlink><br />
2009-03-24T00:17:54+01:00 | $startTag: <wlink> 0
2009-03-24T00:17:54+01:00 | $endTag: </wlink> 29
2009-03-24T00:17:54+01:00 | wLink: Auf_dem_Weg_ohne_Gnade
2009-03-24T00:17:55+01:00 | P: Placemark 
				
				
				
				
				
				
				
			
2009-03-24T00:17:55+01:00 | $str: <wlink>Wie_Wasser_im_Sand</wlink><br />
2009-03-24T00:17:55+01:00 | $startTag: <$objektklasse> 
2009-03-24T00:17:55+01:00 | $endTag: </$objektklasse> 
2009-03-24T00:17:55+01:00 | String enthält kein <$objektklasse></$objektklasse>
2009-03-24T00:17:55+01:00 | $str: <wlink>Wie_Wasser_im_Sand</wlink><br />
2009-03-24T00:17:55+01:00 | $startTag: <type> 
2009-03-24T00:17:55+01:00 | $endTag: </type> 
2009-03-24T00:17:55+01:00 | String enthält kein <type></type>
2009-03-24T00:17:55+01:00 | style: 
2009-03-24T00:17:55+01:00 | $str: <wlink>Wie_Wasser_im_Sand</wlink><br />
2009-03-24T00:17:55+01:00 | $startTag: <wlink> 0
2009-03-24T00:17:55+01:00 | $endTag: </wlink> 25
2009-03-24T00:17:55+01:00 | wLink: Wie_Wasser_im_Sand
2009-03-24T00:17:56+01:00 | F: Folder 
			
			
			
			
			
			
		
2009-03-24T00:17:56+01:00 | P: Placemark 
				
				
				
				
				
				
				
			
2009-03-24T00:17:56+01:00 | $str: <wlink>Ein_treuer_Diener_des_Kalifen</wlink><br />
2009-03-24T00:17:56+01:00 | $startTag: <$objektklasse> 
2009-03-24T00:17:56+01:00 | $endTag: </$objektklasse> 
2009-03-24T00:17:56+01:00 | String enthält kein <$objektklasse></$objektklasse>
2009-03-24T00:17:56+01:00 | $str: <wlink>Ein_treuer_Diener_des_Kalifen</wlink><br />
2009-03-24T00:17:56+01:00 | $startTag: <type> 
2009-03-24T00:17:56+01:00 | $endTag: </type> 
2009-03-24T00:17:56+01:00 | String enthält kein <type></type>
2009-03-24T00:17:56+01:00 | style: 
2009-03-24T00:17:56+01:00 | $str: <wlink>Ein_treuer_Diener_des_Kalifen</wlink><br />
2009-03-24T00:17:56+01:00 | $startTag: <wlink> 0
2009-03-24T00:17:56+01:00 | $endTag: </wlink> 36
2009-03-24T00:17:56+01:00 | wLink: Ein_treuer_Diener_des_Kalifen
2009-03-24T00:17:57+01:00 | F: Folder 
			
			
			
			
			
			
			
			
			
			
			
			
			
			
			
			
			
			
			
			
			
			
			
			
			
			
			
			
			
			
			
			
			
			
			
			
		
2009-03-24T00:17:57+01:00 | P: Placemark 
				
				
				
				
				
				
				
			
2009-03-24T00:17:57+01:00 | $str: <wlink>Durch_das_Tor_der_Welten</wlink><br />
2009-03-24T00:17:57+01:00 | $startTag: <$objektklasse> 
2009-03-24T00:17:57+01:00 | $endTag: </$objektklasse> 
2009-03-24T00:17:57+01:00 | String enthält kein <$objektklasse></$objektklasse>
2009-03-24T00:17:57+01:00 | $str: <wlink>Durch_das_Tor_der_Welten</wlink><br />
2009-03-24T00:17:57+01:00 | $startTag: <type> 
2009-03-24T00:17:57+01:00 | $endTag: </type> 
2009-03-24T00:17:57+01:00 | String enthält kein <type></type>
2009-03-24T00:17:57+01:00 | style: 
2009-03-24T00:17:57+01:00 | $str: <wlink>Durch_das_Tor_der_Welten</wlink><br />
2009-03-24T00:17:57+01:00 | $startTag: <wlink> 0
2009-03-24T00:17:57+01:00 | $endTag: </wlink> 31
2009-03-24T00:17:57+01:00 | wLink: Durch_das_Tor_der_Welten
2009-03-24T00:17:57+01:00 | P: Placemark 
				
				
				
				
				
				
				
			
2009-03-24T00:17:57+01:00 | $str: <wlink>Der_Streuner_soll_sterben</wlink><br />
2009-03-24T00:17:57+01:00 | $startTag: <$objektklasse> 
2009-03-24T00:17:57+01:00 | $endTag: </$objektklasse> 
2009-03-24T00:17:57+01:00 | String enthält kein <$objektklasse></$objektklasse>
2009-03-24T00:17:57+01:00 | $str: <wlink>Der_Streuner_soll_sterben</wlink><br />
2009-03-24T00:17:57+01:00 | $startTag: <type> 
2009-03-24T00:17:57+01:00 | $endTag: </type> 
2009-03-24T00:17:57+01:00 | String enthält kein <type></type>
2009-03-24T00:17:57+01:00 | style: 
2009-03-24T00:17:57+01:00 | $str: <wlink>Der_Streuner_soll_sterben</wlink><br />
2009-03-24T00:17:57+01:00 | $startTag: <wlink> 0
2009-03-24T00:17:57+01:00 | $endTag: </wlink> 32
2009-03-24T00:17:57+01:00 | wLink: Der_Streuner_soll_sterben
2009-03-24T00:17:58+01:00 | P: Placemark 
				
				
				
				
				
				
				
			
2009-03-24T00:17:58+01:00 | $str: <wlink>Wie_Sand_in_Rastullahs_Hand</wlink><br />
2009-03-24T00:17:58+01:00 | $startTag: <$objektklasse> 
2009-03-24T00:17:58+01:00 | $endTag: </$objektklasse> 
2009-03-24T00:17:58+01:00 | String enthält kein <$objektklasse></$objektklasse>
2009-03-24T00:17:58+01:00 | $str: <wlink>Wie_Sand_in_Rastullahs_Hand</wlink><br />
2009-03-24T00:17:58+01:00 | $startTag: <type> 
2009-03-24T00:17:58+01:00 | $endTag: </type> 
2009-03-24T00:17:58+01:00 | String enthält kein <type></type>
2009-03-24T00:17:58+01:00 | style: 
2009-03-24T00:17:58+01:00 | $str: <wlink>Wie_Sand_in_Rastullahs_Hand</wlink><br />
2009-03-24T00:17:58+01:00 | $startTag: <wlink> 0
2009-03-24T00:17:58+01:00 | $endTag: </wlink> 34
2009-03-24T00:17:58+01:00 | wLink: Wie_Sand_in_Rastullahs_Hand
2009-03-24T00:18:00+01:00 | P: Placemark 
				
				
				
				
				
				
				
			
2009-03-24T00:18:00+01:00 | $str: <wlink>Wie_der_Wind_der_W&uuml;ste,_Neuauflage</wlink><br />
2009-03-24T00:18:00+01:00 | $startTag: <$objektklasse> 
2009-03-24T00:18:00+01:00 | $endTag: </$objektklasse> 
2009-03-24T00:18:00+01:00 | String enthält kein <$objektklasse></$objektklasse>
2009-03-24T00:18:00+01:00 | $str: <wlink>Wie_der_Wind_der_W&uuml;ste,_Neuauflage</wlink><br />
2009-03-24T00:18:00+01:00 | $startTag: <type> 
2009-03-24T00:18:00+01:00 | $endTag: </type> 
2009-03-24T00:18:00+01:00 | String enthält kein <type></type>
2009-03-24T00:18:00+01:00 | style: 
2009-03-24T00:18:00+01:00 | $str: <wlink>Wie_der_Wind_der_W&uuml;ste,_Neuauflage</wlink><br />
2009-03-24T00:18:00+01:00 | $startTag: <wlink> 0
2009-03-24T00:18:00+01:00 | $endTag: </wlink> 46
2009-03-24T00:18:00+01:00 | wLink: Wie_der_Wind_der_W&uuml;ste,_Neuauflage
2009-03-24T00:18:00+01:00 | P: Placemark 
				
				
				
				
				
				
				
			
2009-03-24T00:18:00+01:00 | $str: <wlink>Staub_und_Sterne</wlink><br />
2009-03-24T00:18:00+01:00 | $startTag: <$objektklasse> 
2009-03-24T00:18:00+01:00 | $endTag: </$objektklasse> 
2009-03-24T00:18:00+01:00 | String enthält kein <$objektklasse></$objektklasse>
2009-03-24T00:18:00+01:00 | $str: <wlink>Staub_und_Sterne</wlink><br />
2009-03-24T00:18:00+01:00 | $startTag: <type> 
2009-03-24T00:18:00+01:00 | $endTag: </type> 
2009-03-24T00:18:00+01:00 | String enthält kein <type></type>
2009-03-24T00:18:00+01:00 | style: 
2009-03-24T00:18:00+01:00 | $str: <wlink>Staub_und_Sterne</wlink><br />
2009-03-24T00:18:00+01:00 | $startTag: <wlink> 0
2009-03-24T00:18:00+01:00 | $endTag: </wlink> 23
2009-03-24T00:18:00+01:00 | wLink: Staub_und_Sterne
2009-03-24T00:18:01+01:00 | P: Placemark 
				
				
				
				
				
				
				
			
2009-03-24T00:18:01+01:00 | $str: <wlink>Der_L&ouml;we_und_der_Rabe_I</wlink><br />
2009-03-24T00:18:01+01:00 | $startTag: <$objektklasse> 
2009-03-24T00:18:01+01:00 | $endTag: </$objektklasse> 
2009-03-24T00:18:01+01:00 | String enthält kein <$objektklasse></$objektklasse>
2009-03-24T00:18:01+01:00 | $str: <wlink>Der_L&ouml;we_und_der_Rabe_I</wlink><br />
2009-03-24T00:18:01+01:00 | $startTag: <type> 
2009-03-24T00:18:01+01:00 | $endTag: </type> 
2009-03-24T00:18:01+01:00 | String enthält kein <type></type>
2009-03-24T00:18:01+01:00 | style: 
2009-03-24T00:18:01+01:00 | $str: <wlink>Der_L&ouml;we_und_der_Rabe_I</wlink><br />
2009-03-24T00:18:01+01:00 | $startTag: <wlink> 0
2009-03-24T00:18:01+01:00 | $endTag: </wlink> 35
2009-03-24T00:18:01+01:00 | wLink: Der_L&ouml;we_und_der_Rabe_I
2009-03-24T00:18:02+01:00 | P: Placemark 
				
				
				
				
				
				
				
			
2009-03-24T00:18:02+01:00 | $str: <wlink>Der_L&ouml;we_und_der_Rabe_II</wlink><br />
2009-03-24T00:18:02+01:00 | $startTag: <$objektklasse> 
2009-03-24T00:18:02+01:00 | $endTag: </$objektklasse> 
2009-03-24T00:18:02+01:00 | String enthält kein <$objektklasse></$objektklasse>
2009-03-24T00:18:02+01:00 | $str: <wlink>Der_L&ouml;we_und_der_Rabe_II</wlink><br />
2009-03-24T00:18:02+01:00 | $startTag: <type> 
2009-03-24T00:18:02+01:00 | $endTag: </type> 
2009-03-24T00:18:02+01:00 | String enthält kein <type></type>
2009-03-24T00:18:02+01:00 | style: 
2009-03-24T00:18:02+01:00 | $str: <wlink>Der_L&ouml;we_und_der_Rabe_II</wlink><br />
2009-03-24T00:18:02+01:00 | $startTag: <wlink> 0
2009-03-24T00:18:02+01:00 | $endTag: </wlink> 36
2009-03-24T00:18:02+01:00 | wLink: Der_L&ouml;we_und_der_Rabe_II
2009-03-24T00:18:02+01:00 | P: Placemark 
				
				
				
				
				
				
				
			
2009-03-24T00:18:02+01:00 | $str: <wlink>Wenn_der_Zirkus_kommt</wlink><br />
2009-03-24T00:18:02+01:00 | $startTag: <$objektklasse> 
2009-03-24T00:18:02+01:00 | $endTag: </$objektklasse> 
2009-03-24T00:18:02+01:00 | String enthält kein <$objektklasse></$objektklasse>
2009-03-24T00:18:02+01:00 | $str: <wlink>Wenn_der_Zirkus_kommt</wlink><br />
2009-03-24T00:18:02+01:00 | $startTag: <type> 
2009-03-24T00:18:02+01:00 | $endTag: </type> 
2009-03-24T00:18:02+01:00 | String enthält kein <type></type>
2009-03-24T00:18:02+01:00 | style: 
2009-03-24T00:18:02+01:00 | $str: <wlink>Wenn_der_Zirkus_kommt</wlink><br />
2009-03-24T00:18:02+01:00 | $startTag: <wlink> 0
2009-03-24T00:18:02+01:00 | $endTag: </wlink> 28
2009-03-24T00:18:02+01:00 | wLink: Wenn_der_Zirkus_kommt
2009-03-24T00:18:03+01:00 | P: Placemark 
				
				
				
				
				
				
				
			
2009-03-24T00:18:03+01:00 | $str: <wlink>Pforte_des_Grauens,_SG2</wlink><br />
2009-03-24T00:18:03+01:00 | $startTag: <$objektklasse> 
2009-03-24T00:18:03+01:00 | $endTag: </$objektklasse> 
2009-03-24T00:18:03+01:00 | String enthält kein <$objektklasse></$objektklasse>
2009-03-24T00:18:03+01:00 | $str: <wlink>Pforte_des_Grauens,_SG2</wlink><br />
2009-03-24T00:18:03+01:00 | $startTag: <type> 
2009-03-24T00:18:03+01:00 | $endTag: </type> 
2009-03-24T00:18:03+01:00 | String enthält kein <type></type>
2009-03-24T00:18:03+01:00 | style: 
2009-03-24T00:18:03+01:00 | $str: <wlink>Pforte_des_Grauens,_SG2</wlink><br />
2009-03-24T00:18:03+01:00 | $startTag: <wlink> 0
2009-03-24T00:18:03+01:00 | $endTag: </wlink> 30
2009-03-24T00:18:03+01:00 | wLink: Pforte_des_Grauens,_SG2
2009-03-24T00:18:03+01:00 | P: Placemark 
				
				
				
				
				
				
				
			
2009-03-24T00:18:03+01:00 | $str: <wlink>Bishdariels_Fluch</wlink><br />
2009-03-24T00:18:03+01:00 | $startTag: <$objektklasse> 
2009-03-24T00:18:03+01:00 | $endTag: </$objektklasse> 
2009-03-24T00:18:03+01:00 | String enthält kein <$objektklasse></$objektklasse>
2009-03-24T00:18:03+01:00 | $str: <wlink>Bishdariels_Fluch</wlink><br />
2009-03-24T00:18:03+01:00 | $startTag: <type> 
2009-03-24T00:18:03+01:00 | $endTag: </type> 
2009-03-24T00:18:03+01:00 | String enthält kein <type></type>
2009-03-24T00:18:03+01:00 | style: 
2009-03-24T00:18:03+01:00 | $str: <wlink>Bishdariels_Fluch</wlink><br />
2009-03-24T00:18:03+01:00 | $startTag: <wlink> 0
2009-03-24T00:18:03+01:00 | $endTag: </wlink> 24
2009-03-24T00:18:03+01:00 | wLink: Bishdariels_Fluch
2009-03-24T00:18:04+01:00 | P: Placemark 
				
				
				
				
				
				
				
			
2009-03-24T00:18:04+01:00 | $str: <wlink>Bastrabuns_Bann,_SG2</wlink><br />
2009-03-24T00:18:04+01:00 | $startTag: <$objektklasse> 
2009-03-24T00:18:04+01:00 | $endTag: </$objektklasse> 
2009-03-24T00:18:04+01:00 | String enthält kein <$objektklasse></$objektklasse>
2009-03-24T00:18:04+01:00 | $str: <wlink>Bastrabuns_Bann,_SG2</wlink><br />
2009-03-24T00:18:04+01:00 | $startTag: <type> 
2009-03-24T00:18:04+01:00 | $endTag: </type> 
2009-03-24T00:18:04+01:00 | String enthält kein <type></type>
2009-03-24T00:18:04+01:00 | style: 
2009-03-24T00:18:04+01:00 | $str: <wlink>Bastrabuns_Bann,_SG2</wlink><br />
2009-03-24T00:18:04+01:00 | $startTag: <wlink> 0
2009-03-24T00:18:04+01:00 | $endTag: </wlink> 27
2009-03-24T00:18:04+01:00 | wLink: Bastrabuns_Bann,_SG2
2009-03-24T00:18:05+01:00 | P: Placemark 
				
				
				
				
				
				
				
			
2009-03-24T00:18:05+01:00 | $str: <wlink>Die_letzte_Bastion</wlink><br />
2009-03-24T00:18:05+01:00 | $startTag: <$objektklasse> 
2009-03-24T00:18:05+01:00 | $endTag: </$objektklasse> 
2009-03-24T00:18:05+01:00 | String enthält kein <$objektklasse></$objektklasse>
2009-03-24T00:18:05+01:00 | $str: <wlink>Die_letzte_Bastion</wlink><br />
2009-03-24T00:18:05+01:00 | $startTag: <type> 
2009-03-24T00:18:05+01:00 | $endTag: </type> 
2009-03-24T00:18:05+01:00 | String enthält kein <type></type>
2009-03-24T00:18:05+01:00 | style: 
2009-03-24T00:18:05+01:00 | $str: <wlink>Die_letzte_Bastion</wlink><br />
2009-03-24T00:18:05+01:00 | $startTag: <wlink> 0
2009-03-24T00:18:05+01:00 | $endTag: </wlink> 25
2009-03-24T00:18:05+01:00 | wLink: Die_letzte_Bastion
2009-03-24T00:18:05+01:00 | P: Placemark 
				
				
				
				
				
				
				
			
2009-03-24T00:18:05+01:00 | $str: <wlink>Berge_aus_Gold</wlink><br />
2009-03-24T00:18:05+01:00 | $startTag: <$objektklasse> 
2009-03-24T00:18:05+01:00 | $endTag: </$objektklasse> 
2009-03-24T00:18:05+01:00 | String enthält kein <$objektklasse></$objektklasse>
2009-03-24T00:18:05+01:00 | $str: <wlink>Berge_aus_Gold</wlink><br />
2009-03-24T00:18:05+01:00 | $startTag: <type> 
2009-03-24T00:18:05+01:00 | $endTag: </type> 
2009-03-24T00:18:05+01:00 | String enthält kein <type></type>
2009-03-24T00:18:05+01:00 | style: 
2009-03-24T00:18:05+01:00 | $str: <wlink>Berge_aus_Gold</wlink><br />
2009-03-24T00:18:05+01:00 | $startTag: <wlink> 0
2009-03-24T00:18:05+01:00 | $endTag: </wlink> 21
2009-03-24T00:18:05+01:00 | wLink: Berge_aus_Gold
2009-03-24T00:18:06+01:00 | P: Placemark 
				
				
				
				
				
				
				
			
2009-03-24T00:18:06+01:00 | $str: <wlink>Pfade_des_as'Salis,_des_All-Einen:_Rastullahs_Rache</wlink><br />
2009-03-24T00:18:06+01:00 | $startTag: <$objektklasse> 
2009-03-24T00:18:06+01:00 | $endTag: </$objektklasse> 
2009-03-24T00:18:06+01:00 | String enthält kein <$objektklasse></$objektklasse>
2009-03-24T00:18:06+01:00 | $str: <wlink>Pfade_des_as'Salis,_des_All-Einen:_Rastullahs_Rache</wlink><br />
2009-03-24T00:18:06+01:00 | $startTag: <type> 
2009-03-24T00:18:06+01:00 | $endTag: </type> 
2009-03-24T00:18:06+01:00 | String enthält kein <type></type>
2009-03-24T00:18:06+01:00 | style: 
2009-03-24T00:18:06+01:00 | $str: <wlink>Pfade_des_as'Salis,_des_All-Einen:_Rastullahs_Rache</wlink><br />
2009-03-24T00:18:06+01:00 | $startTag: <wlink> 0
2009-03-24T00:18:06+01:00 | $endTag: </wlink> 58
2009-03-24T00:18:06+01:00 | wLink: Pfade_des_as'Salis,_des_All-Einen:_Rastullahs_Rache
2009-03-24T00:18:07+01:00 | P: Placemark 
				
				
				
				
				
				
				
			
2009-03-24T00:18:07+01:00 | $str: <wlink>Nach_Rastullahs_Willen</wlink><br />
2009-03-24T00:18:07+01:00 | $startTag: <$objektklasse> 
2009-03-24T00:18:07+01:00 | $endTag: </$objektklasse> 
2009-03-24T00:18:07+01:00 | String enthält kein <$objektklasse></$objektklasse>
2009-03-24T00:18:07+01:00 | $str: <wlink>Nach_Rastullahs_Willen</wlink><br />
2009-03-24T00:18:07+01:00 | $startTag: <type> 
2009-03-24T00:18:07+01:00 | $endTag: </type> 
2009-03-24T00:18:07+01:00 | String enthält kein <type></type>
2009-03-24T00:18:07+01:00 | style: 
2009-03-24T00:18:07+01:00 | $str: <wlink>Nach_Rastullahs_Willen</wlink><br />
2009-03-24T00:18:07+01:00 | $startTag: <wlink> 0
2009-03-24T00:18:07+01:00 | $endTag: </wlink> 29
2009-03-24T00:18:07+01:00 | wLink: Nach_Rastullahs_Willen
2009-03-24T00:18:07+01:00 | P: Placemark 
				
				
				
				
				
				
				
			
2009-03-24T00:18:07+01:00 | $str: <wlink>Imuhar</wlink><br />
2009-03-24T00:18:07+01:00 | $startTag: <$objektklasse> 
2009-03-24T00:18:07+01:00 | $endTag: </$objektklasse> 
2009-03-24T00:18:07+01:00 | String enthält kein <$objektklasse></$objektklasse>
2009-03-24T00:18:07+01:00 | $str: <wlink>Imuhar</wlink><br />
2009-03-24T00:18:07+01:00 | $startTag: <type> 
2009-03-24T00:18:07+01:00 | $endTag: </type> 
2009-03-24T00:18:07+01:00 | String enthält kein <type></type>
2009-03-24T00:18:07+01:00 | style: 
2009-03-24T00:18:07+01:00 | $str: <wlink>Imuhar</wlink><br />
2009-03-24T00:18:07+01:00 | $startTag: <wlink> 0
2009-03-24T00:18:07+01:00 | $endTag: </wlink> 13
2009-03-24T00:18:07+01:00 | wLink: Imuhar
2009-03-24T00:18:08+01:00 | P: Placemark 
				
				
				
				
				
				
				
			
2009-03-24T00:18:08+01:00 | $str: <wlink>In_den_Schluchten_des_Raschtulswalls</wlink><br />
2009-03-24T00:18:08+01:00 | $startTag: <$objektklasse> 
2009-03-24T00:18:08+01:00 | $endTag: </$objektklasse> 
2009-03-24T00:18:08+01:00 | String enthält kein <$objektklasse></$objektklasse>
2009-03-24T00:18:08+01:00 | $str: <wlink>In_den_Schluchten_des_Raschtulswalls</wlink><br />
2009-03-24T00:18:08+01:00 | $startTag: <type> 
2009-03-24T00:18:08+01:00 | $endTag: </type> 
2009-03-24T00:18:08+01:00 | String enthält kein <type></type>
2009-03-24T00:18:08+01:00 | style: 
2009-03-24T00:18:08+01:00 | $str: <wlink>In_den_Schluchten_des_Raschtulswalls</wlink><br />
2009-03-24T00:18:08+01:00 | $startTag: <wlink> 0
2009-03-24T00:18:08+01:00 | $endTag: </wlink> 43
2009-03-24T00:18:08+01:00 | wLink: In_den_Schluchten_des_Raschtulswalls
2009-03-24T00:18:09+01:00 | P: Placemark 
				
				
				
				
				
				
				
			
2009-03-24T00:18:09+01:00 | $str: <wlink>Im_Zeichen_des_L&ouml;wen</wlink><br />
2009-03-24T00:18:09+01:00 | $startTag: <$objektklasse> 
2009-03-24T00:18:09+01:00 | $endTag: </$objektklasse> 
2009-03-24T00:18:09+01:00 | String enthält kein <$objektklasse></$objektklasse>
2009-03-24T00:18:09+01:00 | $str: <wlink>Im_Zeichen_des_L&ouml;wen</wlink><br />
2009-03-24T00:18:09+01:00 | $startTag: <type> 
2009-03-24T00:18:09+01:00 | $endTag: </type> 
2009-03-24T00:18:09+01:00 | String enthält kein <type></type>
2009-03-24T00:18:09+01:00 | style: 
2009-03-24T00:18:09+01:00 | $str: <wlink>Im_Zeichen_des_L&ouml;wen</wlink><br />
2009-03-24T00:18:09+01:00 | $startTag: <wlink> 0
2009-03-24T00:18:09+01:00 | $endTag: </wlink> 32
2009-03-24T00:18:09+01:00 | wLink: Im_Zeichen_des_L&ouml;wen
2009-03-24T00:18:09+01:00 | P: Placemark 
				
				
				
				
				
				
				
			
2009-03-24T00:18:09+01:00 | $str: <wlink>Die_Wandelbare</wlink><br />
2009-03-24T00:18:09+01:00 | $startTag: <$objektklasse> 
2009-03-24T00:18:09+01:00 | $endTag: </$objektklasse> 
2009-03-24T00:18:09+01:00 | String enthält kein <$objektklasse></$objektklasse>
2009-03-24T00:18:09+01:00 | $str: <wlink>Die_Wandelbare</wlink><br />
2009-03-24T00:18:09+01:00 | $startTag: <type> 
2009-03-24T00:18:09+01:00 | $endTag: </type> 
2009-03-24T00:18:09+01:00 | String enthält kein <type></type>
2009-03-24T00:18:09+01:00 | style: 
2009-03-24T00:18:09+01:00 | $str: <wlink>Die_Wandelbare</wlink><br />
2009-03-24T00:18:09+01:00 | $startTag: <wlink> 0
2009-03-24T00:18:09+01:00 | $endTag: </wlink> 21
2009-03-24T00:18:09+01:00 | wLink: Die_Wandelbare
2009-03-24T00:18:10+01:00 | P: Placemark 
				
				
				
				
				
				
				
			
2009-03-24T00:18:10+01:00 | $str: <wlink>Der_Schwur_des_letzten_Sultans</wlink><br />
2009-03-24T00:18:10+01:00 | $startTag: <$objektklasse> 
2009-03-24T00:18:10+01:00 | $endTag: </$objektklasse> 
2009-03-24T00:18:10+01:00 | String enthält kein <$objektklasse></$objektklasse>
2009-03-24T00:18:10+01:00 | $str: <wlink>Der_Schwur_des_letzten_Sultans</wlink><br />
2009-03-24T00:18:10+01:00 | $startTag: <type> 
2009-03-24T00:18:10+01:00 | $endTag: </type> 
2009-03-24T00:18:10+01:00 | String enthält kein <type></type>
2009-03-24T00:18:10+01:00 | style: 
2009-03-24T00:18:10+01:00 | $str: <wlink>Der_Schwur_des_letzten_Sultans</wlink><br />
2009-03-24T00:18:10+01:00 | $startTag: <wlink> 0
2009-03-24T00:18:10+01:00 | $endTag: </wlink> 37
2009-03-24T00:18:10+01:00 | wLink: Der_Schwur_des_letzten_Sultans
2009-03-24T00:18:11+01:00 | P: Placemark 
				
				
				
				
				
				
				
			
2009-03-24T00:18:11+01:00 | $str: <wlink>Das_Verm&auml;chtnis_des_Drachen</wlink><br />
2009-03-24T00:18:11+01:00 | $startTag: <$objektklasse> 
2009-03-24T00:18:11+01:00 | $endTag: </$objektklasse> 
2009-03-24T00:18:11+01:00 | String enthält kein <$objektklasse></$objektklasse>
2009-03-24T00:18:11+01:00 | $str: <wlink>Das_Verm&auml;chtnis_des_Drachen</wlink><br />
2009-03-24T00:18:11+01:00 | $startTag: <type> 
2009-03-24T00:18:11+01:00 | $endTag: </type> 
2009-03-24T00:18:11+01:00 | String enthält kein <type></type>
2009-03-24T00:18:11+01:00 | style: 
2009-03-24T00:18:11+01:00 | $str: <wlink>Das_Verm&auml;chtnis_des_Drachen</wlink><br />
2009-03-24T00:18:11+01:00 | $startTag: <wlink> 0
2009-03-24T00:18:11+01:00 | $endTag: </wlink> 39
2009-03-24T00:18:11+01:00 | wLink: Das_Verm&auml;chtnis_des_Drachen
2009-03-24T00:18:11+01:00 | P: Placemark 
				
				
				
				
				
				
				
			
2009-03-24T00:18:11+01:00 | $str: <wlink>Die_letzte_Strophe</wlink><br />
2009-03-24T00:18:11+01:00 | $startTag: <$objektklasse> 
2009-03-24T00:18:11+01:00 | $endTag: </$objektklasse> 
2009-03-24T00:18:11+01:00 | String enthält kein <$objektklasse></$objektklasse>
2009-03-24T00:18:11+01:00 | $str: <wlink>Die_letzte_Strophe</wlink><br />
2009-03-24T00:18:11+01:00 | $startTag: <type> 
2009-03-24T00:18:11+01:00 | $endTag: </type> 
2009-03-24T00:18:11+01:00 | String enthält kein <type></type>
2009-03-24T00:18:11+01:00 | style: 
2009-03-24T00:18:11+01:00 | $str: <wlink>Die_letzte_Strophe</wlink><br />
2009-03-24T00:18:11+01:00 | $startTag: <wlink> 0
2009-03-24T00:18:11+01:00 | $endTag: </wlink> 25
2009-03-24T00:18:11+01:00 | wLink: Die_letzte_Strophe
2009-03-24T00:18:12+01:00 | P: Placemark 
				
				
				
				
				
				
				
			
2009-03-24T00:18:12+01:00 | $str: <wlink>Der_siebente_Schleier</wlink><br />
2009-03-24T00:18:12+01:00 | $startTag: <$objektklasse> 
2009-03-24T00:18:12+01:00 | $endTag: </$objektklasse> 
2009-03-24T00:18:12+01:00 | String enthält kein <$objektklasse></$objektklasse>
2009-03-24T00:18:12+01:00 | $str: <wlink>Der_siebente_Schleier</wlink><br />
2009-03-24T00:18:12+01:00 | $startTag: <type> 
2009-03-24T00:18:12+01:00 | $endTag: </type> 
2009-03-24T00:18:12+01:00 | String enthält kein <type></type>
2009-03-24T00:18:12+01:00 | style: 
2009-03-24T00:18:12+01:00 | $str: <wlink>Der_siebente_Schleier</wlink><br />
2009-03-24T00:18:12+01:00 | $startTag: <wlink> 0
2009-03-24T00:18:12+01:00 | $endTag: </wlink> 28
2009-03-24T00:18:12+01:00 | wLink: Der_siebente_Schleier
2009-03-24T00:18:12+01:00 | P: Placemark 
				
				
				
				
				
				
				
			
2009-03-24T00:18:12+01:00 | $str: <wlink>Piratenblut</wlink><br />
2009-03-24T00:18:12+01:00 | $startTag: <$objektklasse> 
2009-03-24T00:18:12+01:00 | $endTag: </$objektklasse> 
2009-03-24T00:18:12+01:00 | String enthält kein <$objektklasse></$objektklasse>
2009-03-24T00:18:12+01:00 | $str: <wlink>Piratenblut</wlink><br />
2009-03-24T00:18:12+01:00 | $startTag: <type> 
2009-03-24T00:18:12+01:00 | $endTag: </type> 
2009-03-24T00:18:12+01:00 | String enthält kein <type></type>
2009-03-24T00:18:12+01:00 | style: 
2009-03-24T00:18:12+01:00 | $str: <wlink>Piratenblut</wlink><br />
2009-03-24T00:18:12+01:00 | $startTag: <wlink> 0
2009-03-24T00:18:12+01:00 | $endTag: </wlink> 18
2009-03-24T00:18:12+01:00 | wLink: Piratenblut
2009-03-24T00:18:13+01:00 | P: Placemark 
				
				
				
				
				
				
				
			
2009-03-24T00:18:13+01:00 | $str: <wlink>Die_Macht_des_Wassers</wlink><br />
2009-03-24T00:18:13+01:00 | $startTag: <$objektklasse> 
2009-03-24T00:18:13+01:00 | $endTag: </$objektklasse> 
2009-03-24T00:18:13+01:00 | String enthält kein <$objektklasse></$objektklasse>
2009-03-24T00:18:13+01:00 | $str: <wlink>Die_Macht_des_Wassers</wlink><br />
2009-03-24T00:18:13+01:00 | $startTag: <type> 
2009-03-24T00:18:13+01:00 | $endTag: </type> 
2009-03-24T00:18:13+01:00 | String enthält kein <type></type>
2009-03-24T00:18:13+01:00 | style: 
2009-03-24T00:18:13+01:00 | $str: <wlink>Die_Macht_des_Wassers</wlink><br />
2009-03-24T00:18:13+01:00 | $startTag: <wlink> 0
2009-03-24T00:18:13+01:00 | $endTag: </wlink> 28
2009-03-24T00:18:13+01:00 | wLink: Die_Macht_des_Wassers
2009-03-24T00:18:14+01:00 | P: Placemark 
				
				
				
				
				
				
				
			
2009-03-24T00:18:14+01:00 | $str: <wlink>Die_&Uuml;berlegenen</wlink><br />
2009-03-24T00:18:14+01:00 | $startTag: <$objektklasse> 
2009-03-24T00:18:14+01:00 | $endTag: </$objektklasse> 
2009-03-24T00:18:14+01:00 | String enthält kein <$objektklasse></$objektklasse>
2009-03-24T00:18:14+01:00 | $str: <wlink>Die_&Uuml;berlegenen</wlink><br />
2009-03-24T00:18:14+01:00 | $startTag: <type> 
2009-03-24T00:18:14+01:00 | $endTag: </type> 
2009-03-24T00:18:14+01:00 | String enthält kein <type></type>
2009-03-24T00:18:14+01:00 | style: 
2009-03-24T00:18:14+01:00 | $str: <wlink>Die_&Uuml;berlegenen</wlink><br />
2009-03-24T00:18:14+01:00 | $startTag: <wlink> 0
2009-03-24T00:18:14+01:00 | $endTag: </wlink> 27
2009-03-24T00:18:14+01:00 | wLink: Die_&Uuml;berlegenen
2009-03-24T00:18:14+01:00 | P: Placemark 
				
				
				
				
				
				
				
			
2009-03-24T00:18:14+01:00 | $str: <wlink>Preiset_die_Sch&ouml;nheit</wlink><br />
2009-03-24T00:18:14+01:00 | $startTag: <$objektklasse> 
2009-03-24T00:18:14+01:00 | $endTag: </$objektklasse> 
2009-03-24T00:18:14+01:00 | String enthält kein <$objektklasse></$objektklasse>
2009-03-24T00:18:14+01:00 | $str: <wlink>Preiset_die_Sch&ouml;nheit</wlink><br />
2009-03-24T00:18:14+01:00 | $startTag: <type> 
2009-03-24T00:18:14+01:00 | $endTag: </type> 
2009-03-24T00:18:14+01:00 | String enthält kein <type></type>
2009-03-24T00:18:14+01:00 | style: 
2009-03-24T00:18:14+01:00 | $str: <wlink>Preiset_die_Sch&ouml;nheit</wlink><br />
2009-03-24T00:18:14+01:00 | $startTag: <wlink> 0
2009-03-24T00:18:14+01:00 | $endTag: </wlink> 33
2009-03-24T00:18:14+01:00 | wLink: Preiset_die_Sch&ouml;nheit
2009-03-24T00:18:15+01:00 | P: Placemark 
				
				
				
				
				
				
				
			
2009-03-24T00:18:15+01:00 | $str: <wlink>Der_Uners&auml;ttliche</wlink><br />
2009-03-24T00:18:15+01:00 | $startTag: <$objektklasse> 
2009-03-24T00:18:15+01:00 | $endTag: </$objektklasse> 
2009-03-24T00:18:15+01:00 | String enthält kein <$objektklasse></$objektklasse>
2009-03-24T00:18:15+01:00 | $str: <wlink>Der_Uners&auml;ttliche</wlink><br />
2009-03-24T00:18:15+01:00 | $startTag: <type> 
2009-03-24T00:18:15+01:00 | $endTag: </type> 
2009-03-24T00:18:15+01:00 | String enthält kein <type></type>
2009-03-24T00:18:15+01:00 | style: 
2009-03-24T00:18:15+01:00 | $str: <wlink>Der_Uners&auml;ttliche</wlink><br />
2009-03-24T00:18:15+01:00 | $startTag: <wlink> 0
2009-03-24T00:18:15+01:00 | $endTag: </wlink> 29
2009-03-24T00:18:15+01:00 | wLink: Der_Uners&auml;ttliche
2009-03-24T00:18:15+01:00 | P: Placemark 
				
				
				
				
				
				
				
			
2009-03-24T00:18:15+01:00 | $str: <wlink></wlink><br />
2009-03-24T00:18:15+01:00 | $startTag: <$objektklasse> 
2009-03-24T00:18:15+01:00 | $endTag: </$objektklasse> 
2009-03-24T00:18:15+01:00 | String enthält kein <$objektklasse></$objektklasse>
2009-03-24T00:18:15+01:00 | $str: <wlink></wlink><br />
2009-03-24T00:18:15+01:00 | $startTag: <type> 
2009-03-24T00:18:15+01:00 | $endTag: </type> 
2009-03-24T00:18:15+01:00 | String enthält kein <type></type>
2009-03-24T00:18:15+01:00 | style: 
2009-03-24T00:18:15+01:00 | $str: <wlink></wlink><br />
2009-03-24T00:18:15+01:00 | $startTag: <wlink> 0
2009-03-24T00:18:15+01:00 | $endTag: </wlink> 7
2009-03-24T00:18:15+01:00 | P: Placemark 
				
				
				
				
				
				
				
			
2009-03-24T00:18:15+01:00 | $str: <wlink>Perlwasser</wlink><br />
2009-03-24T00:18:15+01:00 | $startTag: <$objektklasse> 
2009-03-24T00:18:15+01:00 | $endTag: </$objektklasse> 
2009-03-24T00:18:15+01:00 | String enthält kein <$objektklasse></$objektklasse>
2009-03-24T00:18:15+01:00 | $str: <wlink>Perlwasser</wlink><br />
2009-03-24T00:18:15+01:00 | $startTag: <type> 
2009-03-24T00:18:15+01:00 | $endTag: </type> 
2009-03-24T00:18:15+01:00 | String enthält kein <type></type>
2009-03-24T00:18:15+01:00 | style: 
2009-03-24T00:18:15+01:00 | $str: <wlink>Perlwasser</wlink><br />
2009-03-24T00:18:15+01:00 | $startTag: <wlink> 0
2009-03-24T00:18:15+01:00 | $endTag: </wlink> 17
2009-03-24T00:18:15+01:00 | wLink: Perlwasser
2009-03-24T00:18:16+01:00 | P: Placemark 
				
				
				
				
				
				
				
			
2009-03-24T00:18:16+01:00 | $str: <wlink>Die_Kanope_von_Yilbakis</wlink><br />
2009-03-24T00:18:16+01:00 | $startTag: <$objektklasse> 
2009-03-24T00:18:16+01:00 | $endTag: </$objektklasse> 
2009-03-24T00:18:16+01:00 | String enthält kein <$objektklasse></$objektklasse>
2009-03-24T00:18:16+01:00 | $str: <wlink>Die_Kanope_von_Yilbakis</wlink><br />
2009-03-24T00:18:16+01:00 | $startTag: <type> 
2009-03-24T00:18:16+01:00 | $endTag: </type> 
2009-03-24T00:18:16+01:00 | String enthält kein <type></type>
2009-03-24T00:18:16+01:00 | style: 
2009-03-24T00:18:16+01:00 | $str: <wlink>Die_Kanope_von_Yilbakis</wlink><br />
2009-03-24T00:18:16+01:00 | $startTag: <wlink> 0
2009-03-24T00:18:16+01:00 | $endTag: </wlink> 30
2009-03-24T00:18:16+01:00 | wLink: Die_Kanope_von_Yilbakis
